<?xml version="1.0" encoding="UTF-8"?>
<testsuite name="MainTest" tests="3" skipped="0" failures="0" errors="0" timestamp="2024-10-20T09:13:12" hostname="DESKTOP-GO8N2MN" time="0.02">
  <properties/>
  <testcase name="testIsTriangle()" classname="MainTest" time="0.016"/>
  <testcase name="testPerimetroCaso1()" classname="MainTest" time="0.001"/>
  <testcase name="testAreaCaso1()" classname="MainTest" time="0.0"/>
  <system-out><![CDATA[]]></system-out>
  <system-err><![CDATA[]]></system-err>
</testsuite>
